Executing job with jid 20160421142703396999
-------------------------------------------


server01:
----------
          ID: resolv
    Function: file.managed
        Name: /etc/resolv.conf
      Result: True
     Comment: File /etc/resolv.conf updated
     Started: 14:27:49.799405
    Duration: 323.87 ms
     Changes:   
              ----------
              diff:
                  ---  
                  +++  
                  @@ -1,9 +1,1 @@
                  -# Generated by NetworkManager
                   nameserver 1.2.4.8
                  -
                  -# No nameservers found; try putting DNS servers into your
                  -# ifcfg files in /etc/sysconfig/network-scripts like so:
                  -#
                  -# DNS1=xxx.xxx.xxx.xxx
                  -# DNS2=xxx.xxx.xxx.xxx
                  -# DOMAIN=lab.foo.com bar.foo.com
              mode:
                  0640
----------
          ID: /etc/security/limits.conf
    Function: file.managed
      Result: True
     Comment: File /etc/security/limits.conf is in the correct state
     Started: 14:27:50.123876
    Duration: 3.278 ms
     Changes:   
----------
          ID: /etc/sysctl.conf
    Function: file.managed
      Result: True
     Comment: File /etc/sysctl.conf is in the correct state
     Started: 14:27:50.127383
    Duration: 3.359 ms
     Changes:   
----------
          ID: sysctl -p
    Function: cmd.run
      Result: True
     Comment: Command "sysctl -p" run
     Started: 14:27:50.132562
    Duration: 33.836 ms
     Changes:   
              ----------
              pid:
                  27614
              retcode:
                  0
              stderr:
              stdout:
                  net.ipv4.ip_forward = 0
                  net.ipv4.conf.default.rp_filter = 1
                  net.ipv4.conf.default.accept_source_route = 0
                  kernel.sysrq = 0
                  kernel.core_uses_pid = 1
                  net.ipv4.tcp_syncookies = 1
                  kernel.msgmnb = 65536
                  kernel.msgmax = 65536
                  kernel.shmmax = 68719476736
                  kernel.shmall = 4294967296
                  net.core.rmem_max = 16777216
                  net.core.wmem_max = 16777216
                  net.ipv4.tcp_mem = 129940 129940 33554432
                  net.ipv4.tcp_rmem = 28800 129940 16777216
                  net.ipv4.tcp_wmem = 28800 129940 16777216
                  fs.file-max = 1604720
                  net.core.somaxconn = 65535
                  net.ipv4.conf.all.send_redirects = 0
                  net.ipv4.conf.all.accept_redirects = 0
                  net.ipv4.conf.all.secure_redirects = 0
                  net.ipv4.conf.default.accept_redirects = 1
                  net.ipv4.conf.default.secure_redirects = 1
                  net.ipv4.conf.default.send_redirects = 1
                  net.ipv4.tcp_tw_reuse = 1
                  net.ipv4.tcp_tw_recycle = 0
                  net.ipv4.tcp_fin_timeout = 3
                  net.ipv4.tcp_max_tw_buckets = 10000
                  net.ipv4.tcp_syn_retries = 3
                  net.ipv4.tcp_synack_retries = 3
                  net.nf_conntrack_max = 6553600
                  net.ipv4.tcp_max_syn_backlog = 809200
                  net.core.netdev_max_backlog = 809200
                  net.ipv4.tcp_timestamps = 0
                  net.ipv4.ip_local_port_range = 10240	61000
                  net.ipv4.conf.all.rp_filter = 1
                  net.ipv4.conf.default.rp_filter = 1
                  net.netfilter.nf_conntrack_tcp_timeout_syn_recv = 10
                  net.netfilter.nf_conntrack_tcp_timeout_fin_wait = 3
                  net.netfilter.nf_conntrack_tcp_timeout_close_wait = 3
                  net.netfilter.nf_conntrack_tcp_timeout_last_ack = 3
                  net.netfilter.nf_conntrack_tcp_timeout_time_wait = 3
                  net.netfilter.nf_conntrack_tcp_timeout_close = 3
                  net.netfilter.nf_conntrack_max = 1048576
----------
          ID: /etc/selinux/config
    Function: file.managed
      Result: True
     Comment: File /etc/selinux/config is in the correct state
     Started: 14:27:50.166786
    Duration: 3.87 ms
     Changes:   
----------
          ID: /etc/profile.d/history.sh
    Function: file.managed
      Result: True
     Comment: File /etc/profile.d/history.sh is in the correct state
     Started: 14:27:50.170903
    Duration: 2.765 ms
     Changes:   
----------
          ID: . /etc/profile.d/history.sh
    Function: cmd.run
      Result: True
     Comment: Command ". /etc/profile.d/history.sh" run
     Started: 14:27:50.173913
    Duration: 48.529 ms
     Changes:   
              ----------
              pid:
                  27616
              retcode:
                  0
              stderr:
              stdout:
----------
          ID: package
    Function: pkg.installed
      Result: True
     Comment: All specified packages are already installed.
     Started: 14:27:51.004535
    Duration: 1830.12 ms
     Changes:   
----------
          ID: /etc/vimrc
    Function: file.managed
      Result: True
     Comment: File /etc/vimrc is in the correct state
     Started: 14:27:52.834902
    Duration: 2.665 ms
     Changes:   
----------
          ID: lekanops
    Function: group.present
      Result: True
     Comment: Group lekanops is present and up to date
     Started: 14:27:52.838166
    Duration: 0.526 ms
     Changes:   
----------
          ID: wu.zou
    Function: group.present
      Result: True
     Comment: Group wu.zou is present and up to date
     Started: 14:27:52.838839
    Duration: 0.489 ms
     Changes:   
----------
          ID: wu.zou
    Function: user.present
      Result: True
     Comment: User wu.zou is present and up to date
     Started: 14:27:52.840336
    Duration: 3.917 ms
     Changes:   
----------
          ID: /home/wu.zou/.bash_profile
    Function: file.managed
      Result: True
     Comment: File /home/wu.zou/.bash_profile is in the correct state
     Started: 14:27:52.844396
    Duration: 1.8 ms
     Changes:   
----------
          ID: /home/wu.zou/.ssh/authorized_keys
    Function: file.managed
      Result: True
     Comment: File /home/wu.zou/.ssh/authorized_keys is in the correct state
     Started: 14:27:52.846337
    Duration: 2.761 ms
     Changes:   
----------
          ID: /etc/sudoers.d/wu_zou
    Function: file.managed
      Result: True
     Comment: File /etc/sudoers.d/wu_zou is in the correct state
     Started: 14:27:52.849237
    Duration: 1.62 ms
     Changes:   
----------
          ID: shuo.yang
    Function: group.present
      Result: True
     Comment: Group shuo.yang is present and up to date
     Started: 14:27:52.850999
    Duration: 0.489 ms
     Changes:   
----------
          ID: shuo.yang
    Function: user.present
      Result: True
     Comment: User shuo.yang is present and up to date
     Started: 14:27:52.851628
    Duration: 1.131 ms
     Changes:   
----------
          ID: /home/shuo.yang/.bash_profile
    Function: file.managed
      Result: True
     Comment: File /home/shuo.yang/.bash_profile is in the correct state
     Started: 14:27:52.852939
    Duration: 1.299 ms
     Changes:   
----------
          ID: /home/shuo.yang/.ssh/authorized_keys
    Function: file.managed
      Result: True
     Comment: File /home/shuo.yang/.ssh/authorized_keys is in the correct state
     Started: 14:27:52.854379
    Duration: 1.089 ms
     Changes:   
----------
          ID: /etc/sudoers.d/shuo_yang
    Function: file.managed
      Result: True
     Comment: File /etc/sudoers.d/shuo_yang is in the correct state
     Started: 14:27:52.855607
    Duration: 1.659 ms
     Changes:   
----------
          ID: yuan.zhuang
    Function: group.present
      Result: True
     Comment: Group yuan.zhuang is present and up to date
     Started: 14:27:52.857406
    Duration: 0.503 ms
     Changes:   
----------
          ID: yuan.zhuang
    Function: user.present
      Result: True
     Comment: User yuan.zhuang is present and up to date
     Started: 14:27:52.858045
    Duration: 1.138 ms
     Changes:   
----------
          ID: /home/yuan.zhuang/.bash_profile
    Function: file.managed
      Result: True
     Comment: File /home/yuan.zhuang/.bash_profile is in the correct state
     Started: 14:27:52.859321
    Duration: 1.296 ms
     Changes:   
----------
          ID: /home/yuan.zhuang/.ssh/authorized_keys
    Function: file.managed
      Result: True
     Comment: File /home/yuan.zhuang/.ssh/authorized_keys is in the correct state
     Started: 14:27:52.860754
    Duration: 1.097 ms
     Changes:   
----------
          ID: /etc/sudoers.d/yuan_zhuang
    Function: file.managed
      Result: True
     Comment: File /etc/sudoers.d/yuan_zhuang is in the correct state
     Started: 14:27:52.861993
    Duration: 1.639 ms
     Changes:   
----------
          ID: /root/.bash_profile
    Function: file.managed
      Result: True
     Comment: File /root/.bash_profile is in the correct state
     Started: 14:27:52.863770
    Duration: 1.48 ms
     Changes:   
----------
          ID: ntpd
    Function: pkg.installed
        Name: ntp
      Result: True
     Comment: Package ntp is already installed.
     Started: 14:27:52.865389
    Duration: 0.755 ms
     Changes:   
----------
          ID: ntpd
    Function: file.managed
        Name: /etc/ntp.conf
      Result: True
     Comment: File /etc/ntp.conf is in the correct state
     Started: 14:27:52.867761
    Duration: 1.589 ms
     Changes:   
----------
          ID: ntpd
    Function: service.running
      Result: True
     Comment: Service ntpd is already enabled, and is in the desired state
     Started: 14:27:52.869875
    Duration: 172.687 ms
     Changes:   
----------
          ID: Asia/Shanghai
    Function: timezone.system
      Result: True
     Comment: Timezone Asia/Shanghai already set, UTC already set to Asia/Shanghai
     Started: 14:27:53.046670
    Duration: 24.55 ms
     Changes:   
----------
          ID: /usr/local/script
    Function: file.directory
      Result: True
     Comment: Directory /usr/local/script is in the correct state
     Started: 14:27:53.071439
    Duration: 2.127 ms
     Changes:   
----------
          ID: /usr/local/script/sysmon.pl
    Function: file.managed
      Result: True
     Comment: File /usr/local/script/sysmon.pl is in the correct state
     Started: 14:27:53.074541
    Duration: 2.541 ms
     Changes:   
----------
          ID: /etc/cron.d/lekan-sysmon
    Function: file.managed
      Result: True
     Comment: File /etc/cron.d/lekan-sysmon is in the correct state
     Started: 14:27:53.077220
    Duration: 2.257 ms
     Changes:   
----------
          ID: /etc/cron.d/lekan-sysmon
    Function: service.running
        Name: crond
      Result: True
     Comment: The service crond is already running
     Started: 14:27:53.081212
    Duration: 66.858 ms
     Changes:   
----------
          ID: zabbix_agentd
    Function: file.managed
        Name: /lekan/zabbix_agentd.tar.gz
      Result: True
     Comment: File /lekan/zabbix_agentd.tar.gz is in the correct state
     Started: 14:27:53.148464
    Duration: 12.389 ms
     Changes:   
----------
          ID: zabbix_agentd
    Function: cmd.script
      Result: True
     Comment: Command 'zabbix_agentd' run
     Started: 14:27:53.162377
    Duration: 297.747 ms
     Changes:   
              ----------
              pid:
                  27648
              retcode:
                  0
              stderr:
                  useradd: user 'zabbix' already exists
              stdout:
                  Beginning chkconfig add and on
                  service starting!
                  /etc/init.d/zabbix_agentd : zabbix_agentd (pid 12910) already running
----------
          ID: /etc/logrotate.conf
    Function: file.managed
      Result: True
     Comment: File /etc/logrotate.conf is in the correct state
     Started: 14:27:53.462241
    Duration: 4.113 ms
     Changes:   
----------
          ID: /etc/logrotate.d/syslog
    Function: file.managed
      Result: True
     Comment: File /etc/logrotate.d/syslog is in the correct state
     Started: 14:27:53.466588
    Duration: 2.832 ms
     Changes:   
----------
          ID: /etc/rsyslog.conf
    Function: file.managed
      Result: True
     Comment: File /etc/rsyslog.conf is in the correct state
     Started: 14:27:53.469651
    Duration: 2.912 ms
     Changes:   
----------
          ID: /etc/pki/rsyslog/ca.pem
    Function: file.managed
      Result: True
     Comment: File /etc/pki/rsyslog/ca.pem is in the correct state
     Started: 14:27:53.472795
    Duration: 3.919 ms
     Changes:   
----------
          ID: /etc/rsyslog.d/userlog.conf
    Function: file.managed
      Result: True
     Comment: File /etc/rsyslog.d/userlog.conf is in the correct state
     Started: 14:27:53.476958
    Duration: 3.263 ms
     Changes:   
----------
          ID: rsyslog-gnutls
    Function: pkg.installed
      Result: True
     Comment: Package rsyslog-gnutls is already installed.
     Started: 14:27:53.480450
    Duration: 1.069 ms
     Changes:   
----------
          ID: rsyslog-gnutls
    Function: service.running
        Name: rsyslog
      Result: True
     Comment: The service rsyslog is already running
     Started: 14:27:53.486901
    Duration: 70.23 ms
     Changes:   

Summary
-------------
Succeeded: 43 (changed=4)
Failed:     0
-------------
Total states run:     43
