Mon May 28 14:55:27 2018 main 更新表 mp4file : 2 status => 1 成功
Mon May 28 14:55:27 2018 main 更新表 mp4file : 2 status => 2 成功
Mon May 28 14:56:08 2018 main 更新表 mp4file : 2 status => 1 成功
Mon May 28 14:56:08 2018 main 更新表 mp4file : 2 status => 2 成功
Mon May 28 14:56:44 2018 main 更新表 mp4file : 2 status => 1 成功
Mon May 28 14:56:44 2018 main 更新表 mp4file : 2 status => 2 成功
Mon May 28 15:01:21 2018 main 更新表 mp4file : 3 status => 1 成功
Mon May 28 15:01:21 2018 main start store /lekan_video/video/cts/out_video/948/48/134948E100/cn/video-900k.mp4 to mogilefs
Mon May 28 15:01:21 2018 main success store /lekan_video/video/cts/out_video/948/48/134948E100/cn/video-900k.mp4 to mogilefs
Mon May 28 15:01:21 2018 main start store /lekan_video/video/cts/out_video/948/48/134948E100/cn/video-1200k.mp4 to mogilefs
Mon May 28 15:01:22 2018 main success store /lekan_video/video/cts/out_video/948/48/134948E100/cn/video-1200k.mp4 to mogilefs
Mon May 28 15:01:22 2018 main start store /lekan_video/video/cts/out_video/948/48/134948E100/cn/video-1600k.mp4 to mogilefs
Mon May 28 15:01:23 2018 main success store /lekan_video/video/cts/out_video/948/48/134948E100/cn/video-1600k.mp4 to mogilefs
Mon May 28 15:01:23 2018 main start store /lekan_video/video/cts/out_video/948/48/134948E100/cn/video-2500k.mp4 to mogilefs
Mon May 28 15:01:24 2018 main success store /lekan_video/video/cts/out_video/948/48/134948E100/cn/video-2500k.mp4 to mogilefs
Mon May 28 15:01:24 2018 main 更新表 mp4file : 3 status => 2 成功
Mon May 28 15:01:24 2018 delete dir /lekan_video/video/cts/out_video/948/48/134948E100/cn failed
Mon May 28 15:27:06 2018 main 更新表 mp4file : 3 status => 1 成功
Mon May 28 15:27:07 2018 main 更新表 mp4file : 3 status => 2 成功
Mon May 28 15:29:45 2018 main 更新表 mp4file : 4 status => 1 成功
Mon May 28 15:29:45 2018 main start store /lekan_video/video/cts/out_video/948/48/134948E100/cn/video-900k.mp4 to mogilefs
Mon May 28 15:29:45 2018 main success store /lekan_video/video/cts/out_video/948/48/134948E100/cn/video-900k.mp4 to mogilefs
Mon May 28 15:29:45 2018 main start store /lekan_video/video/cts/out_video/948/48/134948E100/cn/video-1200k.mp4 to mogilefs
Mon May 28 15:29:45 2018 main success store /lekan_video/video/cts/out_video/948/48/134948E100/cn/video-1200k.mp4 to mogilefs
Mon May 28 15:29:45 2018 main start store /lekan_video/video/cts/out_video/948/48/134948E100/cn/video-1600k.mp4 to mogilefs
Mon May 28 15:29:46 2018 main success store /lekan_video/video/cts/out_video/948/48/134948E100/cn/video-1600k.mp4 to mogilefs
Mon May 28 15:29:46 2018 main start store /lekan_video/video/cts/out_video/948/48/134948E100/cn/video-2500k.mp4 to mogilefs
Mon May 28 15:29:47 2018 main success store /lekan_video/video/cts/out_video/948/48/134948E100/cn/video-2500k.mp4 to mogilefs
Mon May 28 15:29:47 2018 main 更新表 mp4file : 4 status => 2 成功
Mon May 28 15:29:47 2018 delete dir /lekan_video/video/cts/out_video/948/48/134948E100/cn failed
Mon May 28 16:02:47 2018 main 更新表 mp4file : 4 status => 1 成功
Mon May 28 16:02:47 2018 main 更新表 mp4file : 4 status => 2 成功
Mon May 28 16:04:32 2018 main 更新表 mp4file : 5 status => 1 成功
Mon May 28 16:04:32 2018 main start store /lekan_video/video/cts/out_video/948/48/134948E100/cn/video-900k.mp4 to mogilefs
Mon May 28 16:04:45 2018 main retry store file /lekan_video/video/cts/out_video/948/48/134948E100/cn/video-900k.mp4 into mogilefs
Mon May 28 16:04:46 2018 main success store /lekan_video/video/cts/out_video/948/48/134948E100/cn/video-900k.mp4 to mogilefs
Mon May 28 16:04:46 2018 main start store /lekan_video/video/cts/out_video/948/48/134948E100/cn/video-1200k.mp4 to mogilefs
Mon May 28 16:04:46 2018 main success store /lekan_video/video/cts/out_video/948/48/134948E100/cn/video-1200k.mp4 to mogilefs
Mon May 28 16:04:46 2018 main start store /lekan_video/video/cts/out_video/948/48/134948E100/cn/video-1600k.mp4 to mogilefs
Mon May 28 16:04:47 2018 main success store /lekan_video/video/cts/out_video/948/48/134948E100/cn/video-1600k.mp4 to mogilefs
Mon May 28 16:04:47 2018 main start store /lekan_video/video/cts/out_video/948/48/134948E100/cn/video-2500k.mp4 to mogilefs
Mon May 28 16:04:48 2018 main success store /lekan_video/video/cts/out_video/948/48/134948E100/cn/video-2500k.mp4 to mogilefs
Mon May 28 16:04:48 2018 main 更新表 mp4file : 5 status => 2 成功
Mon May 28 16:04:48 2018 delete dir /lekan_video/video/cts/out_video/948/48/134948E100/cn failed
Tue May 29 10:15:21 2018 main 更新表 mp4file : 5 status => 1 成功
Tue May 29 10:15:21 2018 main start store /lekan_video/video/cts/out_video/948/48/134948E100/cn/video-900k.mp4 to mogilefs
Tue May 29 10:15:22 2018 main success store /lekan_video/video/cts/out_video/948/48/134948E100/cn/video-900k.mp4 to mogilefs
Tue May 29 10:15:22 2018 main start store /lekan_video/video/cts/out_video/948/48/134948E100/cn/video-1200k.mp4 to mogilefs
Tue May 29 10:15:23 2018 main success store /lekan_video/video/cts/out_video/948/48/134948E100/cn/video-1200k.mp4 to mogilefs
Tue May 29 10:15:23 2018 main start store /lekan_video/video/cts/out_video/948/48/134948E100/cn/video-1600k.mp4 to mogilefs
Tue May 29 10:15:23 2018 main success store /lekan_video/video/cts/out_video/948/48/134948E100/cn/video-1600k.mp4 to mogilefs
Tue May 29 10:15:23 2018 main start store /lekan_video/video/cts/out_video/948/48/134948E100/cn/video-2500k.mp4 to mogilefs
Tue May 29 10:15:24 2018 main success store /lekan_video/video/cts/out_video/948/48/134948E100/cn/video-2500k.mp4 to mogilefs
Tue May 29 10:15:24 2018 main 更新表 mp4file : 5 status => 2 成功
Tue May 29 10:15:25 2018 delete dir /lekan_video/video/cts/out_video/948/48/134948E100/cn failed
Tue May 29 10:15:25 2018 main 更新表 mp4file : 6 status => 1 成功
Tue May 29 10:15:25 2018 main 更新表 mp4file : 6 status => 2 成功
Tue May 29 10:17:16 2018 main 更新表 mp4file : 7 status => 1 成功
Tue May 29 10:17:16 2018 main start store /lekan_video/video/cts/out_video/948/48/134948E100/cn/video-900k.mp4 to mogilefs
Tue May 29 10:17:16 2018 main success store /lekan_video/video/cts/out_video/948/48/134948E100/cn/video-900k.mp4 to mogilefs
Tue May 29 10:17:16 2018 main start store /lekan_video/video/cts/out_video/948/48/134948E100/cn/video-1200k.mp4 to mogilefs
Tue May 29 10:17:17 2018 main success store /lekan_video/video/cts/out_video/948/48/134948E100/cn/video-1200k.mp4 to mogilefs
Tue May 29 10:17:17 2018 main start store /lekan_video/video/cts/out_video/948/48/134948E100/cn/video-1600k.mp4 to mogilefs
Tue May 29 10:17:17 2018 main success store /lekan_video/video/cts/out_video/948/48/134948E100/cn/video-1600k.mp4 to mogilefs
Tue May 29 10:17:17 2018 main start store /lekan_video/video/cts/out_video/948/48/134948E100/cn/video-2500k.mp4 to mogilefs
Tue May 29 10:17:18 2018 main success store /lekan_video/video/cts/out_video/948/48/134948E100/cn/video-2500k.mp4 to mogilefs
Tue May 29 10:17:18 2018 main 更新表 mp4file : 7 status => 2 成功
Tue May 29 10:17:18 2018 delete dir /lekan_video/video/cts/out_video/948/48/134948E100/cn failed
Tue May 29 14:28:39 2018 main 更新表 mp4file : 7 status => 1 成功
Tue May 29 14:28:39 2018 main 更新表 mp4file : 7 status => 2 成功
Tue May 29 14:31:33 2018 main 更新表 mp4file : 8 status => 1 成功
Tue May 29 14:31:33 2018 main start store /lekan_video/video/cts/out_video/948/48/134948E100/cn/video-900k.mp4 to mogilefs
Tue May 29 14:31:34 2018 main success store /lekan_video/video/cts/out_video/948/48/134948E100/cn/video-900k.mp4 to mogilefs
Tue May 29 14:31:34 2018 main start store /lekan_video/video/cts/out_video/948/48/134948E100/cn/video-1200k.mp4 to mogilefs
Tue May 29 14:31:35 2018 main success store /lekan_video/video/cts/out_video/948/48/134948E100/cn/video-1200k.mp4 to mogilefs
Tue May 29 14:31:35 2018 main start store /lekan_video/video/cts/out_video/948/48/134948E100/cn/video-1600k.mp4 to mogilefs
Tue May 29 14:31:36 2018 main success store /lekan_video/video/cts/out_video/948/48/134948E100/cn/video-1600k.mp4 to mogilefs
Tue May 29 14:31:36 2018 main start store /lekan_video/video/cts/out_video/948/48/134948E100/cn/video-2500k.mp4 to mogilefs
Tue May 29 14:31:37 2018 main success store /lekan_video/video/cts/out_video/948/48/134948E100/cn/video-2500k.mp4 to mogilefs
Tue May 29 14:31:37 2018 main 更新表 mp4file : 8 status => 2 成功
Tue May 29 14:31:37 2018 delete dir /lekan_video/video/cts/out_video/948/48/134948E100/cn failed
